2022-09-22 23:22:41 INFO  LoginPageTest:48 - login successful with username: vamshi@gmail.com
  2022-09-22 23:22:48 INFO  LoginPageTest:48 - login successful with username: vam@123
  2022-09-22 23:22:56 INFO  LoginPageTest:48 - login successful with username: vamshik484@gmail.com
  2022-09-22 23:23:09 INFO  LoginPageTest:48 - login successful with username: vk@gmail
  2022-09-23 12:40:49 INFO  LoginPageTest:48 - login successful with username: vamshi@gmail.com
2022-09-23 12:40:56 INFO  LoginPageTest:48 - login successful with username: vam@123
2022-09-23 12:41:05 INFO  LoginPageTest:48 - login successful with username: vamshik484@gmail.com
2022-09-23 12:41:19 INFO  LoginPageTest:48 - login successful with username: vk@gmail
2022-09-23 13:14:21 INFO  LoginPageTest:48 - login successful with username: vamshi@gmail.com
2022-09-23 13:14:28 INFO  LoginPageTest:48 - login successful with username: vam@123
2022-09-23 13:14:34 INFO  LoginPageTest:48 - login successful with username: vamshik484@gmail.com
2022-09-23 13:14:41 INFO  LoginPageTest:48 - login successful with username: vk@gmail
2022-09-23 14:47:30 INFO  LoginPageTest:48 - login successful with username: vamshi@gmail.com
2022-09-23 14:47:36 INFO  LoginPageTest:48 - login successful with username: vam@123
2022-09-23 14:47:43 INFO  LoginPageTest:48 - login successful with username: vamshik484@gmail.com
2022-09-23 14:47:50 INFO  LoginPageTest:48 - login successful with username: vk@gmail
2022-09-23 17:04:52 INFO  LoginPageTest:48 - login successful with username: vamshi@gmail.com
2022-09-23 17:04:59 INFO  LoginPageTest:48 - login successful with username: vam@123
2022-09-23 17:05:07 INFO  LoginPageTest:48 - login successful with username: vamshik484@gmail.com
2022-09-23 17:05:14 INFO  LoginPageTest:48 - login successful with username: vk@gmail
2022-09-23 17:41:53 INFO  LoginPageTest:48 - login successful with username: vamshi@gmail.com
2022-09-23 17:42:00 INFO  LoginPageTest:48 - login successful with username: vam@123
2022-09-23 17:42:07 INFO  LoginPageTest:48 - login successful with username: vamshik484@gmail.com
2022-09-23 17:42:14 INFO  LoginPageTest:48 - login successful with username: vk@gmail
2022-09-23 18:05:13 INFO  LoginPageTest:48 - login successful with username: vamshi@gmail.com
2022-09-23 18:05:19 INFO  LoginPageTest:48 - login successful with username: vam@123
2022-09-23 18:05:26 INFO  LoginPageTest:48 - login successful with username: vamshik484@gmail.com
2022-09-23 18:05:32 INFO  LoginPageTest:48 - login successful with username: vk@gmail
2022-09-23 18:13:26 INFO  LoginPageTest:48 - login successful with username: vamshi@gmail.com
2022-09-23 18:13:33 INFO  LoginPageTest:48 - login successful with username: vam@123
2022-09-23 18:13:39 INFO  LoginPageTest:48 - login successful with username: vamshik484@gmail.com
2022-09-23 18:13:46 INFO  LoginPageTest:48 - login successful with username: vk@gmail
2022-09-23 21:45:03 INFO  LoginPageTest:48 - login successful with username: vamshi@gmail.com
2022-09-23 21:45:10 INFO  LoginPageTest:48 - login successful with username: vam@123
2022-09-23 21:45:17 INFO  LoginPageTest:48 - login successful with username: vamshik484@gmail.com
2022-09-23 21:45:24 INFO  LoginPageTest:48 - login successful with username: vk@gmail
2022-09-24 11:04:42 INFO  LoginPageTest:48 - login successful with username: vamshi@gmail.com
2022-09-24 11:04:48 INFO  LoginPageTest:48 - login successful with username: vam@123
2022-09-24 11:04:55 INFO  LoginPageTest:48 - login successful with username: vamshik484@gmail.com
2022-09-24 11:05:02 INFO  LoginPageTest:48 - login successful with username: vk@gmail
2022-09-24 11:14:03 INFO  LoginPageTest:48 - login successful with username: vamshi@gmail.com
2022-09-24 11:14:09 INFO  LoginPageTest:48 - login successful with username: vam@123
2022-09-24 11:14:17 INFO  LoginPageTest:48 - login successful with username: vamshik484@gmail.com
2022-09-24 11:14:23 INFO  LoginPageTest:48 - login successful with username: vk@gmail
2022-09-24 11:31:38 INFO  LoginPageTest:48 - login successful with username: vamshi@gmail.com
2022-09-24 11:31:45 INFO  LoginPageTest:48 - login successful with username: vam@123
2022-09-24 11:31:51 INFO  LoginPageTest:48 - login successful with username: vamshik484@gmail.com
2022-09-24 11:31:58 INFO  LoginPageTest:48 - login successful with username: vk@gmail
2022-09-24 12:19:24 INFO  LoginPageTest:48 - login successful with username: vamshi@gmail.com
2022-09-24 12:19:31 INFO  LoginPageTest:48 - login successful with username: vam@123
2022-09-24 12:19:37 INFO  LoginPageTest:48 - login successful with username: vamshik484@gmail.com
2022-09-24 12:19:43 INFO  LoginPageTest:48 - login successful with username: vk@gmail
2022-09-24 15:32:57 INFO  LoginPageTest:48 - login successful with username: vamshi@gmail.com
2022-09-24 15:33:04 INFO  LoginPageTest:48 - login successful with username: vam@123
2022-09-24 15:33:11 INFO  LoginPageTest:48 - login successful with username: vamshik484@gmail.com
2022-09-24 15:33:18 INFO  LoginPageTest:48 - login successful with username: vk@gmail
